2023.06.10 12:15:44 INFO  Started: Metals version 0.11.12 in workspace '/Users/amirali.roshanaei/Library/Mobile Documents/com~apple~CloudDocs/projects/personal/algorithm_datastructure' for client Visual Studio Code 1.79.0.
Jun 10, 2023 12:15:44 PM org.flywaydb.core.internal.license.VersionPrinter printVersionOnly
INFO: Flyway Community Edition 9.16.3 by Redgate
Jun 10, 2023 12:15:44 PM org.flywaydb.core.internal.license.VersionPrinter printVersion
INFO: See release notes here: https://rd.gt/416ObMi
Jun 10, 2023 12:15:44 PM org.flywaydb.core.internal.license.VersionPrinter printVersion
INFO: 
Jun 10, 2023 12:15:45 PM org.flywaydb.core.internal.database.base.BaseDatabaseType createDatabase
INFO: Database: jdbc:h2:file:/Users/amirali.roshanaei/Library/Mobile Documents/com~apple~CloudDocs/projects/personal/algorithm_datastructure/.metals/metals (H2 2.1)
Jun 10, 2023 12:15:45 PM org.flywaydb.core.internal.schemahistory.JdbcTableSchemaHistory allAppliedMigrations
INFO: Schema history table "PUBLIC"."flyway_schema_history" does not exist yet
Jun 10, 2023 12:15:45 PM org.flywaydb.core.internal.command.DbValidate validate
INFO: Successfully validated 4 migrations (execution time 00:00.022s)
Jun 10, 2023 12:15:45 PM org.flywaydb.core.internal.schemahistory.JdbcTableSchemaHistory create
INFO: Creating Schema History table "PUBLIC"."flyway_schema_history" ...
Jun 10, 2023 12:15:45 PM org.flywaydb.core.internal.command.DbMigrate migrateGroup
INFO: Current version of schema "PUBLIC": << Empty Schema >>
Jun 10, 2023 12:15:45 PM org.flywaydb.core.internal.command.DbMigrate doMigrateGroup
INFO: Migrating schema "PUBLIC" to version "1 - Create tables"
Jun 10, 2023 12:15:45 PM org.flywaydb.core.internal.command.DbMigrate doMigrateGroup
INFO: Migrating schema "PUBLIC" to version "2 - Server discovery"
Jun 10, 2023 12:15:45 PM org.flywaydb.core.internal.command.DbMigrate doMigrateGroup
INFO: Migrating schema "PUBLIC" to version "3 - Jar symbols"
Jun 10, 2023 12:15:45 PM org.flywaydb.core.internal.command.DbMigrate doMigrateGroup
INFO: Migrating schema "PUBLIC" to version "4 - Fingerprints"
Jun 10, 2023 12:15:45 PM org.flywaydb.core.internal.command.DbMigrate logSummary
INFO: Successfully applied 4 migrations to schema "PUBLIC", now at version v4 (execution time 00:00.065s)
2023.06.10 12:15:45 INFO  time: initialize in 0.85s
2023.06.10 12:15:47 WARN  Build server is not auto-connectable.
2023.06.10 12:15:47 WARN  no build target for: /Users/amirali.roshanaei/Library/Mobile Documents/com~apple~CloudDocs/projects/personal/algorithm_datastructure/src/main/java/org/algorithm_datastructure/minimum_window_sort.java
2023.06.10 12:15:49 WARN  Running javac-semanticdb failed for file:///Users/amirali.roshanaei/Library/Mobile%20Documents/com~apple~CloudDocs/projects/personal/algorithm_datastructure/src/main/java/org/algorithm_datastructure/minimum_window_sort.java. Output:
/Users/amirali.roshanaei/Library/Mobile Documents/com~apple~CloudDocs/projects/personal/algorithm_datastructure/src/main/java/org/algorithm_datastructure/minimum_window_sort.java:1: error: semanticdb-javac: unknown flag 'Documents/com~apple~CloudDocs/projects/personal/algorithm_datastructure/src/main/java/org/algorithm_datastructure'
package org.algorithm_datastructure;
^
1 error
2023.06.10 12:15:53 INFO  running '/Users/amirali.roshanaei/Library/Mobile Documents/com~apple~CloudDocs/projects/personal/algorithm_datastructure/gradlew --console=plain --init-script /var/folders/9h/h37qxz3s4jl2nw53bvzq93tm0000gp/T/metals10144664771190873350/init-script.gradle bloopInstall'
2023.06.10 12:15:54 INFO  
2023.06.10 12:15:54 INFO  Welcome to Gradle 8.1!
2023.06.10 12:15:54 INFO  
2023.06.10 12:15:54 INFO  Here are the highlights of this release:
2023.06.10 12:15:54 INFO   - Stable configuration cache
2023.06.10 12:15:54 INFO   - Experimental Kotlin DSL assignment syntax
2023.06.10 12:15:54 INFO   - Building with Java 20
2023.06.10 12:15:54 INFO  
2023.06.10 12:15:54 INFO  For more details see https://docs.gradle.org/8.1/release-notes.html
2023.06.10 12:15:54 INFO  
2023.06.10 12:15:54 INFO  Starting a Gradle Daemon (subsequent builds will be faster)
2023.06.10 12:16:04 INFO  > Task :configureBloopInstall
2023.06.10 12:16:04 INFO  > Task :bloopInstall
2023.06.10 12:16:04 INFO  
2023.06.10 12:16:04 INFO  Deprecated Gradle features were used in this build, making it incompatible with Gradle 9.0.
2023.06.10 12:16:04 INFO  
2023.06.10 12:16:04 INFO  You can use '--warning-mode all' to show the individual deprecation warnings and determine if they come from your own scripts or plugins.
2023.06.10 12:16:04 INFO  
2023.06.10 12:16:04 INFO  See https://docs.gradle.org/8.1/userguide/command_line_interface.html#sec:command_line_warnings
2023.06.10 12:16:04 INFO  
2023.06.10 12:16:04 INFO  BUILD SUCCESSFUL in 11s
2023.06.10 12:16:04 INFO  2 actionable tasks: 2 executed
2023.06.10 12:16:05 INFO  time: ran 'gradle bloopInstall' in 12s
2023.06.10 12:16:05 INFO  Attempting to connect to the build server...
2023.06.10 12:16:05 INFO  Bloop uses /Users/amirali.roshanaei/Library/Java/JavaVirtualMachines/corretto-17.0.7/Contents/Home defined at /Users/amirali.roshanaei/.bloop/bloop.json
2023.06.10 12:16:05 INFO  tracing is disabled for protocol BSP, to enable tracing of incoming and outgoing JSON messages create an empty file at /Users/amirali.roshanaei/Library/Mobile Documents/com~apple~CloudDocs/projects/personal/algorithm_datastructure/.metals/bsp.trace.json or /Users/amirali.roshanaei/Library/Caches/org.scalameta.metals/bsp.trace.json
2023.06.10 12:16:05 INFO  time: Connected to build server in 0.61s
2023.06.10 12:16:05 INFO  Connected to Build server: Bloop v1.5.6
2023.06.10 12:16:05 INFO  time: Imported build in 0.15s
2023.06.10 12:16:09 INFO  time: indexed workspace in 3.03s
2023.06.10 12:16:09 INFO  compiling algorithm_datastructure (26 java sources)
2023.06.10 12:16:11 WARN  javac exited with exit code 1
2023.06.10 12:16:11 INFO  time: compiled algorithm_datastructure in 1.52s
2023.06.10 12:17:45 INFO  compiling algorithm_datastructure (26 java sources)
2023.06.10 12:17:47 WARN  javac exited with exit code 1
2023.06.10 12:17:47 INFO  time: compiled algorithm_datastructure in 1.15s
2023.06.10 12:17:50 INFO  compiling algorithm_datastructure (26 java sources)
2023.06.10 12:17:52 WARN  javac exited with exit code 1
2023.06.10 12:17:52 INFO  time: compiled algorithm_datastructure in 1.34s
2023.06.10 12:17:54 INFO  compiling algorithm_datastructure (26 java sources)
2023.06.10 12:17:56 WARN  javac exited with exit code 1
2023.06.10 12:17:56 INFO  time: compiled algorithm_datastructure in 1.12s
2023.06.10 12:17:58 INFO  compiling algorithm_datastructure (26 java sources)
2023.06.10 12:17:59 WARN  javac exited with exit code 1
2023.06.10 12:17:59 INFO  time: compiled algorithm_datastructure in 1.19s
2023.06.10 12:18:04 INFO  compiling algorithm_datastructure (26 java sources)
2023.06.10 12:18:04 WARN  javac exited with exit code 1
2023.06.10 12:18:04 INFO  time: compiled algorithm_datastructure in 0.72s
2023.06.10 12:18:05 INFO  compiling algorithm_datastructure (26 java sources)
2023.06.10 12:18:07 WARN  javac exited with exit code 1
2023.06.10 12:18:07 INFO  time: compiled algorithm_datastructure in 1.34s
2023.06.10 12:18:09 INFO  compiling algorithm_datastructure (26 java sources)
2023.06.10 12:18:10 WARN  javac exited with exit code 1
2023.06.10 12:18:10 INFO  time: compiled algorithm_datastructure in 1.29s
2023.06.10 12:18:20 INFO  compiling algorithm_datastructure (26 java sources)
2023.06.10 12:18:22 WARN  javac exited with exit code 1
2023.06.10 12:18:22 INFO  time: compiled algorithm_datastructure in 1.19s
2023.06.10 12:18:26 INFO  compiling algorithm_datastructure (26 java sources)
2023.06.10 12:18:27 WARN  javac exited with exit code 1
2023.06.10 12:18:27 INFO  time: compiled algorithm_datastructure in 1.1s
2023.06.10 12:18:34 INFO  compiling algorithm_datastructure (26 java sources)
2023.06.10 12:18:34 WARN  javac exited with exit code 1
2023.06.10 12:18:34 INFO  time: compiled algorithm_datastructure in 0.73s
2023.06.10 12:18:35 WARN  Cannot tokenize Java file file:///Users/amirali.roshanaei/Library/Mobile%20Documents/com~apple~CloudDocs/projects/personal/algorithm_datastructure/src/main/java/org/algorithm_datastructure/minimum_window_sort.java
org.eclipse.jdt.core.compiler.InvalidInputException: Invalid_Character_Constant
	at org.eclipse.jdt.internal.core.util.PublicScanner.getNextToken(PublicScanner.java:1442)
	at scala.meta.internal.parsing.JavaTokens$.loop$1(JavaTokens.scala:71)
	at scala.meta.internal.parsing.JavaTokens$.$anonfun$tokenize$1(JavaTokens.scala:75)
	at scala.util.Try$.apply(Try.scala:210)
	at scala.meta.internal.parsing.JavaTokens$.tokenize(JavaTokens.scala:35)
	at scala.meta.internal.parsing.TokenEditDistance$.apply(TokenEditDistance.scala:370)
	at scala.meta.internal.metals.Diagnostics.publishDiagnostics(Diagnostics.scala:226)
	at scala.meta.internal.metals.Diagnostics.publishDiagnostics(Diagnostics.scala:188)
	at scala.meta.internal.metals.Diagnostics.didChange(Diagnostics.scala:136)
	at scala.meta.internal.metals.MetalsLspService.didChange(MetalsLspService.scala:1265)
	at scala.meta.metals.lsp.DelegatingScalaService.didChange(DelegatingScalaService.scala:50)
	at jdk.internal.reflect.GeneratedMethodAccessor8.invoke(null)
	at jdk.internal.reflect.DelegatingMethodAccessorImpl.invoke(DelegatingMethodAccessorImpl.java:43)
	at java.lang.reflect.Method.invoke(Method.java:568)
	at org.eclipse.lsp4j.jsonrpc.services.GenericEndpoint.lambda$null$0(GenericEndpoint.java:65)
	at org.eclipse.lsp4j.jsonrpc.services.GenericEndpoint.notify(GenericEndpoint.java:152)
	at org.eclipse.lsp4j.jsonrpc.RemoteEndpoint.handleNotification(RemoteEndpoint.java:220)
	at org.eclipse.lsp4j.jsonrpc.RemoteEndpoint.consume(RemoteEndpoint.java:187)
	at org.eclipse.lsp4j.jsonrpc.json.StreamMessageProducer.handleMessage(StreamMessageProducer.java:194)
	at org.eclipse.lsp4j.jsonrpc.json.StreamMessageProducer.listen(StreamMessageProducer.java:94)
	at org.eclipse.lsp4j.jsonrpc.json.ConcurrentMessageProcessor.run(ConcurrentMessageProcessor.java:113)
	at java.util.concurrent.Executors$RunnableAdapter.call(Executors.java:539)
	at java.util.concurrent.FutureTask.run(FutureTask.java:264)
	at java.util.concurrent.ThreadPoolExecutor.runWorker(ThreadPoolExecutor.java:1136)
	at java.util.concurrent.ThreadPoolExecutor$Worker.run(ThreadPoolExecutor.java:635)
	at java.lang.Thread.run(Thread.java:833)

2023.06.10 12:18:35 INFO  file:///Users/amirali.roshanaei/Library/Mobile%20Documents/com~apple~CloudDocs/projects/personal/algorithm_datastructure/src/main/java/org/algorithm_datastructure/minimum_window_sort.java:29:1: stale bloop error:  error: not a statement
                    left
^
2023.06.10 12:18:35 INFO  file:///Users/amirali.roshanaei/Library/Mobile%20Documents/com~apple~CloudDocs/projects/personal/algorithm_datastructure/src/main/java/org/algorithm_datastructure/minimum_window_sort.java:29:1: stale bloop error:  error: ';' expected
                    left
^
Jun 10, 2023 12:18:35 PM org.eclipse.lsp4j.jsonrpc.RemoteEndpoint fallbackResponseError
SEVERE: Internal error: org.eclipse.jdt.core.compiler.InvalidInputException: Invalid_Character_Constant
java.util.concurrent.CompletionException: org.eclipse.jdt.core.compiler.InvalidInputException: Invalid_Character_Constant
	at java.base/java.util.concurrent.CompletableFuture.encodeThrowable(CompletableFuture.java:332)
	at java.base/java.util.concurrent.CompletableFuture.completeThrowable(CompletableFuture.java:347)
	at java.base/java.util.concurrent.CompletableFuture$UniAccept.tryFire(CompletableFuture.java:708)
	at java.base/java.util.concurrent.CompletableFuture.postComplete(CompletableFuture.java:510)
	at java.base/java.util.concurrent.CompletableFuture.completeExceptionally(CompletableFuture.java:2162)
	at scala.meta.internal.metals.CancelTokens$.$anonfun$future$1(CancelTokens.scala:40)
	at scala.meta.internal.metals.CancelTokens$.$anonfun$future$1$adapted(CancelTokens.scala:38)
	at scala.concurrent.impl.Promise$Transformation.run(Promise.scala:484)
	at java.base/java.util.concurrent.ThreadPoolExecutor.runWorker(ThreadPoolExecutor.java:1136)
	at java.base/java.util.concurrent.ThreadPoolExecutor$Worker.run(ThreadPoolExecutor.java:635)
	at java.base/java.lang.Thread.run(Thread.java:833)
Caused by: org.eclipse.jdt.core.compiler.InvalidInputException: Invalid_Character_Constant
	at org.eclipse.jdt.internal.core.util.PublicScanner.getNextToken(PublicScanner.java:1442)
	at scala.meta.internal.parsing.JavaFoldingRangeExtractor.next$1(JavaFoldingRangeExtractor.scala:102)
	at scala.meta.internal.parsing.JavaFoldingRangeExtractor.gather$1(JavaFoldingRangeExtractor.scala:149)
	at scala.meta.internal.parsing.JavaFoldingRangeExtractor.extract(JavaFoldingRangeExtractor.scala:157)
	at scala.meta.internal.parsing.FoldingRangeProvider.$anonfun$getRangedForJava$2(FoldingRangeProvider.scala:48)
	at scala.Option$WithFilter.map(Option.scala:242)
	at scala.meta.internal.parsing.FoldingRangeProvider.getRangedForJava(FoldingRangeProvider.scala:43)
	at scala.meta.internal.metals.MetalsLspService.$anonfun$foldingRange$3(MetalsLspService.scala:1795)
	at scala.concurrent.Future$.$anonfun$apply$1(Future.scala:678)
	at scala.concurrent.impl.Promise$Transformation.run(Promise.scala:467)
	... 3 more

2023.06.10 12:18:37 INFO  compiling algorithm_datastructure (26 java sources)
2023.06.10 12:18:38 WARN  javac exited with exit code 1
2023.06.10 12:18:38 INFO  time: compiled algorithm_datastructure in 1.24s
2023.06.10 12:18:45 INFO  compiling algorithm_datastructure (26 java sources)
2023.06.10 12:18:46 WARN  javac exited with exit code 1
2023.06.10 12:18:46 INFO  time: compiled algorithm_datastructure in 1.14s
2023.06.10 12:18:50 INFO  compiling algorithm_datastructure (26 java sources)
2023.06.10 12:18:52 WARN  javac exited with exit code 1
2023.06.10 12:18:52 INFO  time: compiled algorithm_datastructure in 1.24s
2023.06.10 12:18:55 INFO  compiling algorithm_datastructure (26 java sources)
2023.06.10 12:18:56 WARN  javac exited with exit code 1
2023.06.10 12:18:56 INFO  time: compiled algorithm_datastructure in 1.31s
2023.06.10 12:18:58 INFO  compiling algorithm_datastructure (26 java sources)
2023.06.10 12:18:59 WARN  javac exited with exit code 1
2023.06.10 12:18:59 INFO  time: compiled algorithm_datastructure in 1.25s
2023.06.10 12:19:07 INFO  compiling algorithm_datastructure (26 java sources)
2023.06.10 12:19:08 WARN  javac exited with exit code 1
2023.06.10 12:19:08 INFO  time: compiled algorithm_datastructure in 1.25s
2023.06.10 12:19:14 INFO  compiling algorithm_datastructure (26 java sources)
2023.06.10 12:19:15 WARN  javac exited with exit code 1
2023.06.10 12:19:15 INFO  time: compiled algorithm_datastructure in 1.33s
Jun 10, 2023 12:19:16 PM org.eclipse.lsp4j.jsonrpc.RemoteEndpoint handleCancellation
WARNING: Unmatched cancel notification for request id 329
2023.06.10 12:19:18 INFO  compiling algorithm_datastructure (26 java sources)
2023.06.10 12:19:19 WARN  javac exited with exit code 1
2023.06.10 12:19:19 INFO  time: compiled algorithm_datastructure in 1.28s
2023.06.10 12:19:19 INFO  compiling algorithm_datastructure (26 java sources)
2023.06.10 12:19:21 WARN  javac exited with exit code 1
2023.06.10 12:19:21 INFO  time: compiled algorithm_datastructure in 1.2s
2023.06.10 12:19:21 INFO  compiling algorithm_datastructure (26 java sources)
2023.06.10 12:19:22 WARN  javac exited with exit code 1
2023.06.10 12:19:22 INFO  time: compiled algorithm_datastructure in 1.07s
2023.06.10 12:19:31 WARN  Cannot tokenize Java file file:///Users/amirali.roshanaei/Library/Mobile%20Documents/com~apple~CloudDocs/projects/personal/algorithm_datastructure/src/main/java/org/algorithm_datastructure/minimum_window_sort.java
org.eclipse.jdt.core.compiler.InvalidInputException: Invalid_Character_Constant
	at org.eclipse.jdt.internal.core.util.PublicScanner.getNextToken(PublicScanner.java:1442)
	at scala.meta.internal.parsing.JavaTokens$.loop$1(JavaTokens.scala:71)
	at scala.meta.internal.parsing.JavaTokens$.$anonfun$tokenize$1(JavaTokens.scala:75)
	at scala.util.Try$.apply(Try.scala:210)
	at scala.meta.internal.parsing.JavaTokens$.tokenize(JavaTokens.scala:35)
	at scala.meta.internal.parsing.TokenEditDistance$.apply(TokenEditDistance.scala:370)
	at scala.meta.internal.metals.Diagnostics.publishDiagnostics(Diagnostics.scala:226)
	at scala.meta.internal.metals.Diagnostics.publishDiagnostics(Diagnostics.scala:188)
	at scala.meta.internal.metals.Diagnostics.didChange(Diagnostics.scala:136)
	at scala.meta.internal.metals.MetalsLspService.didChange(MetalsLspService.scala:1265)
	at scala.meta.metals.lsp.DelegatingScalaService.didChange(DelegatingScalaService.scala:50)
	at jdk.internal.reflect.GeneratedMethodAccessor8.invoke(null)
	at jdk.internal.reflect.DelegatingMethodAccessorImpl.invoke(DelegatingMethodAccessorImpl.java:43)
	at java.lang.reflect.Method.invoke(Method.java:568)
	at org.eclipse.lsp4j.jsonrpc.services.GenericEndpoint.lambda$null$0(GenericEndpoint.java:65)
	at org.eclipse.lsp4j.jsonrpc.services.GenericEndpoint.notify(GenericEndpoint.java:152)
	at org.eclipse.lsp4j.jsonrpc.RemoteEndpoint.handleNotification(RemoteEndpoint.java:220)
	at org.eclipse.lsp4j.jsonrpc.RemoteEndpoint.consume(RemoteEndpoint.java:187)
	at org.eclipse.lsp4j.jsonrpc.json.StreamMessageProducer.handleMessage(StreamMessageProducer.java:194)
	at org.eclipse.lsp4j.jsonrpc.json.StreamMessageProducer.listen(StreamMessageProducer.java:94)
	at org.eclipse.lsp4j.jsonrpc.json.ConcurrentMessageProcessor.run(ConcurrentMessageProcessor.java:113)
	at java.util.concurrent.Executors$RunnableAdapter.call(Executors.java:539)
	at java.util.concurrent.FutureTask.run(FutureTask.java:264)
	at java.util.concurrent.ThreadPoolExecutor.runWorker(ThreadPoolExecutor.java:1136)
	at java.util.concurrent.ThreadPoolExecutor$Worker.run(ThreadPoolExecutor.java:635)
	at java.lang.Thread.run(Thread.java:833)

Jun 10, 2023 12:19:31 PM org.eclipse.lsp4j.jsonrpc.RemoteEndpoint fallbackResponseError
SEVERE: Internal error: org.eclipse.jdt.core.compiler.InvalidInputException: Invalid_Character_Constant
java.util.concurrent.CompletionException: org.eclipse.jdt.core.compiler.InvalidInputException: Invalid_Character_Constant
	at java.base/java.util.concurrent.CompletableFuture.encodeThrowable(CompletableFuture.java:332)
	at java.base/java.util.concurrent.CompletableFuture.completeThrowable(CompletableFuture.java:347)
	at java.base/java.util.concurrent.CompletableFuture$UniAccept.tryFire(CompletableFuture.java:708)
	at java.base/java.util.concurrent.CompletableFuture.postComplete(CompletableFuture.java:510)
	at java.base/java.util.concurrent.CompletableFuture.completeExceptionally(CompletableFuture.java:2162)
	at scala.meta.internal.metals.CancelTokens$.$anonfun$future$1(CancelTokens.scala:40)
	at scala.meta.internal.metals.CancelTokens$.$anonfun$future$1$adapted(CancelTokens.scala:38)
	at scala.concurrent.impl.Promise$Transformation.run(Promise.scala:484)
	at java.base/java.util.concurrent.ThreadPoolExecutor.runWorker(ThreadPoolExecutor.java:1136)
	at java.base/java.util.concurrent.ThreadPoolExecutor$Worker.run(ThreadPoolExecutor.java:635)
	at java.base/java.lang.Thread.run(Thread.java:833)
Caused by: org.eclipse.jdt.core.compiler.InvalidInputException: Invalid_Character_Constant
	at org.eclipse.jdt.internal.core.util.PublicScanner.getNextToken(PublicScanner.java:1442)
	at scala.meta.internal.parsing.JavaFoldingRangeExtractor.next$1(JavaFoldingRangeExtractor.scala:102)
	at scala.meta.internal.parsing.JavaFoldingRangeExtractor.gather$1(JavaFoldingRangeExtractor.scala:149)
	at scala.meta.internal.parsing.JavaFoldingRangeExtractor.extract(JavaFoldingRangeExtractor.scala:157)
	at scala.meta.internal.parsing.FoldingRangeProvider.$anonfun$getRangedForJava$2(FoldingRangeProvider.scala:48)
	at scala.Option$WithFilter.map(Option.scala:242)
	at scala.meta.internal.parsing.FoldingRangeProvider.getRangedForJava(FoldingRangeProvider.scala:43)
	at scala.meta.internal.metals.MetalsLspService.$anonfun$foldingRange$3(MetalsLspService.scala:1795)
	at scala.concurrent.Future$.$anonfun$apply$1(Future.scala:678)
	at scala.concurrent.impl.Promise$Transformation.run(Promise.scala:467)
	... 3 more

Jun 10, 2023 12:19:31 PM org.eclipse.lsp4j.jsonrpc.RemoteEndpoint handleCancellation
WARNING: Unmatched cancel notification for request id 383
Jun 10, 2023 12:19:34 PM org.eclipse.lsp4j.jsonrpc.RemoteEndpoint handleCancellation
WARNING: Unmatched cancel notification for request id 396
Jun 10, 2023 12:19:34 PM org.eclipse.lsp4j.jsonrpc.RemoteEndpoint handleCancellation
WARNING: Unmatched cancel notification for request id 399
2023.06.10 12:19:38 INFO  compiling algorithm_datastructure (26 java sources)
2023.06.10 12:19:39 WARN  javac exited with exit code 1
2023.06.10 12:19:39 INFO  time: compiled algorithm_datastructure in 1.07s
2023.06.10 12:19:39 INFO  compiling algorithm_datastructure (26 java sources)
2023.06.10 12:19:41 WARN  javac exited with exit code 1
2023.06.10 12:19:41 INFO  time: compiled algorithm_datastructure in 1.21s
2023.06.10 12:20:09 INFO  compiling algorithm_datastructure (26 java sources)
2023.06.10 12:20:11 WARN  javac exited with exit code 1
2023.06.10 12:20:11 INFO  time: compiled algorithm_datastructure in 1.43s
2023.06.10 12:20:12 INFO  compiling algorithm_datastructure (26 java sources)
2023.06.10 12:20:13 WARN  javac exited with exit code 1
2023.06.10 12:20:13 INFO  time: compiled algorithm_datastructure in 1.13s
Jun 10, 2023 12:20:43 PM org.eclipse.lsp4j.jsonrpc.services.GenericEndpoint notify
INFO: Unsupported notification method: $/setTrace
2023.06.10 12:20:44 INFO  compiling algorithm_datastructure (26 java sources)
2023.06.10 12:20:45 WARN  javac exited with exit code 1
2023.06.10 12:20:45 INFO  time: compiled algorithm_datastructure in 1.15s
2023.06.10 12:21:33 INFO  compiling algorithm_datastructure (26 java sources)
2023.06.10 12:21:34 WARN  javac exited with exit code 1
2023.06.10 12:21:34 INFO  time: compiled algorithm_datastructure in 1.29s
2023.06.10 12:21:34 INFO  compiling algorithm_datastructure (26 java sources)
2023.06.10 12:21:35 WARN  javac exited with exit code 1
2023.06.10 12:21:35 INFO  time: compiled algorithm_datastructure in 1.01s
2023.06.10 12:21:50 INFO  compiling algorithm_datastructure (26 java sources)
2023.06.10 12:21:51 WARN  javac exited with exit code 1
2023.06.10 12:21:51 INFO  time: compiled algorithm_datastructure in 1.16s
2023.06.11 10:35:42 INFO  Shutting down server
2023.06.11 10:35:42 INFO  shutting down Metals
2023.06.11 10:35:42 INFO  Shut down connection with build server.
2023.06.11 10:35:42 INFO  Exiting server
